1692452221845:sdsdasd
1692452270785:find-customer 4444
1692452348232:dfsdfsdfsdf
1692452370652:find-customer 333
1692452516667:find-customer 3
1692452877176:find-customer 3333
1692455230281:find-customer 3
1692479622533:find-customer 33333
1692481512670:find-customer 333333
1692481596343:find-customer 33
1692482542059:find-customer 3
1692482582562:find-customer 33
1692486005974:find-customer 333
1692487550940:find-customers
1692489234463:help find-customers
1692490899796:help
1692490965456:find-customers -v true
1692498336128:find-customer -id 22
1692538096289:find-customer 0
1692538132214:find-customer --id 0
1692538147183:find-customer erer
1692538251567:find-customer 0
1692539834831:delete-customer 3
1692539888959:login admin 123456
1692539898515:login admin 12345
1692539902265:help
1692539917575:delete-customer 4
1692541753139:sddsdsdsds
1692542093813:help
1692542100231:flow-test
1692542214360:help
1692542230603:flow-test
1692542234301:exit
1692542480102:flow-test
1692542942809:help
1692543635229:dsdsasdda
1692543640763:sdasdsadas
